# JRE version: Java(TM) SE Runtime Environment 18.9 (11.0.8+10) (build 11.0.8+10-LTS)
# Java VM: Java HotSpot(TM) 64-Bit Server VM 18.9 (11.0.8+10-LTS, mixed mode, tiered, compressed oops, parallel gc, bsd-amd64)
Heap:
 PSYoungGen      total 9728K, used 4942K [0x00000007eab00000, 0x00000007eb900000, 0x0000000800000000)
  eden space 5120K, 17% used [0x00000007eab00000,0x00000007eabe3ba8,0x00000007eb000000)
  from space 4608K, 89% used [0x00000007eb080000,0x00000007eb4815a0,0x00000007eb500000)
  to   space 4096K, 0% used [0x00000007eb500000,0x00000007eb500000,0x00000007eb900000)
 ParOldGen       total 338432K, used 328450K [0x00000007c0000000, 0x00000007d4a80000, 0x00000007eab00000)
  object space 338432K, 97% used [0x00000007c0000000,0x00000007d40c0ba8,0x00000007d4a80000)
 Metaspace       used 99073K, capacity 103002K, committed 103296K, reserved 1142784K
  class space    used 8619K, capacity 10111K, committed 10112K, reserved 1048576K
GC Heap History (10 events):
Event: 171426.566 GC heap before
{Heap before GC invocations=28763 (full 549):
 PSYoungGen      total 13824K, used 13814K [0x00000007eab00000, 0x00000007ec280000, 0x0000000800000000)
  eden space 10752K, 100% used [0x00000007eab00000,0x00000007eb580000,0x00000007eb580000)
  from space 3072K, 99% used [0x00000007eb600000,0x00000007eb8fdb50,0x00000007eb900000)
  to   space 6656K, 0% used [0x00000007ebc00000,0x00000007ebc00000,0x00000007ec280000)
 ParOldGen       total 338432K, used 321347K [0x00000007c0000000, 0x00000007d4a80000, 0x00000007eab00000)
  object space 338432K, 94% used [0x00000007c0000000,0x00000007d39d0f50,0x00000007d4a80000)
 Metaspace       used 99071K, capacity 103002K, committed 103296K, reserved 1142784K
  class space    used 8619K, capacity 10111K, committed 10112K, reserved 1048576K
}
Event: 171426.571 GC heap after
{Heap after GC invocations=28763 (full 549):
 PSYoungGen      total 9728K, used 6645K [0x00000007eab00000, 0x00000007ed180000, 0x0000000800000000)
  eden space 3072K, 0% used [0x00000007eab00000,0x00000007eab00000,0x00000007eae00000)
  from space 6656K, 99% used [0x00000007ebc00000,0x00000007ec27d560,0x00000007ec280000)
  to   space 14336K, 0% used [0x00000007eae00000,0x00000007eae00000,0x00000007ebc00000)
 ParOldGen       total 338432K, used 327537K [0x00000007c0000000, 0x00000007d4a80000, 0x00000007eab00000)
  object space 338432K, 96% used [0x00000007c0000000,0x00000007d3fdc4d8,0x00000007d4a80000)
 Metaspace       used 99071K, capacity 103002K, committed 103296K, reserved 1142784K
  class space    used 8619K, capacity 10111K, committed 10112K, reserved 1048576K
}
Event: 171426.577 GC heap before
{Heap before GC invocations=28764 (full 549):
 PSYoungGen      total 9728K, used 9671K [0x00000007eab00000, 0x00000007ed180000, 0x0000000800000000)
  eden space 3072K, 98% used [0x00000007eab00000,0x00000007eadf4840,0x00000007eae00000)
  from space 6656K, 99% used [0x00000007ebc00000,0x00000007ec27d560,0x00000007ec280000)
  to   space 14336K, 0% used [0x00000007eae00000,0x00000007eae00000,0x00000007ebc00000)
 ParOldGen       total 338432K, used 327537K [0x00000007c0000000, 0x00000007d4a80000, 0x00000007eab00000)
  object space 338432K, 96% used [0x00000007c0000000,0x00000007d3fdc4d8,0x00000007d4a80000)
 Metaspace       used 99071K, capacity 103002K, committed 103296K, reserved 1142784K
  class space    used 8619K, capacity 10111K, committed 10112K, reserved 1048576K
}
Event: 171426.579 GC heap after
{Heap after GC invocations=28764 (full 549):
 PSYoungGen      total 12288K, used 8904K [0x00000007eab00000, 0x00000007ec380000, 0x0000000800000000)
  eden space 3072K, 0% used [0x00000007eab00000,0x00000007eab00000,0x00000007eae00000)
  from space 9216K, 96% used [0x00000007eae00000,0x00000007eb6b2190,0x00000007eb700000)
  to   space 10752K, 0% used [0x00000007eb900000,0x00000007eb900000,0x00000007ec380000)
 ParOldGen       total 338432K, used 328450K [0x00000007c0000000, 0x00000007d4a80000, 0x00000007eab00000)
  object space 338432K, 97% used [0x00000007c0000000,0x00000007d40c0ba8,0x00000007d4a80000)
 Metaspace       used 99071K, capacity 103002K, committed 103296K, reserved 1142784K
  class space    used 8619K, capacity 10111K, committed 10112K, reserved 1048576K
}
Event: 171426.589 GC heap before
{Heap before GC invocations=28765 (full 549):
 PSYoungGen      total 12288K, used 11950K [0x00000007eab00000, 0x00000007ec380000, 0x0000000800000000)
  eden space 3072K, 99% used [0x00000007eab00000,0x00000007eadf9880,0x00000007eae00000)
  from space 9216K, 96% used [0x00000007eae00000,0x00000007eb6b2190,0x00000007eb700000)
  to   space 10752K, 0% used [0x00000007eb900000,0x00000007eb900000,0x00000007ec380000)
 ParOldGen       total 338432K, used 328450K [0x00000007c0000000, 0x00000007d4a80000, 0x00000007eab00000)
  object space 338432K, 97% used [0x00000007c0000000,0x00000007d40c0ba8,0x00000007d4a80000)
 Metaspace       used 99071K, capacity 103002K, committed 103296K, reserved 1142784K
  class space    used 8619K, capacity 10111K, committed 10112K, reserved 1048576K
}
Event: 171426.590 GC heap after
{Heap after GC invocations=28765 (full 549):
 PSYoungGen      total 7168K, used 3264K [0x00000007eab00000, 0x00000007ebc80000, 0x0000000800000000)
  eden space 3584K, 0% used [0x00000007eab00000,0x00000007eab00000,0x00000007eae80000)
  from space 3584K, 91% used [0x00000007eb900000,0x00000007ebc30000,0x00000007ebc80000)
  to   space 5632K, 0% used [0x00000007eb180000,0x00000007eb180000,0x00000007eb700000)
 ParOldGen       total 338432K, used 328450K [0x00000007c0000000, 0x00000007d4a80000, 0x00000007eab00000)
  object space 338432K, 97% used [0x00000007c0000000,0x00000007d40c0ba8,0x00000007d4a80000)
 Metaspace       used 99071K, capacity 103002K, committed 103296K, reserved 1142784K
  class space    used 8619K, capacity 10111K, committed 10112K, reserved 1048576K
}
Event: 171427.959 GC heap before
{Heap before GC invocations=28766 (full 549):
 PSYoungGen      total 7168K, used 6848K [0x00000007eab00000, 0x00000007ebc80000, 0x0000000800000000)
  eden space 3584K, 100% used [0x00000007eab00000,0x00000007eae80000,0x00000007eae80000)
  from space 3584K, 91% used [0x00000007eb900000,0x00000007ebc30000,0x00000007ebc80000)
  to   space 5632K, 0% used [0x00000007eb180000,0x00000007eb180000,0x00000007eb700000)
 ParOldGen       total 338432K, used 328450K [0x00000007c0000000, 0x00000007d4a80000, 0x00000007eab00000)
  object space 338432K, 97% used [0x00000007c0000000,0x00000007d40c0ba8,0x00000007d4a80000)
 Metaspace       used 99071K, capacity 103002K, committed 103296K, reserved 1142784K
  class space    used 8619K, capacity 10111K, committed 10112K, reserved 1048576K
}
Event: 171427.961 GC heap after
{Heap after GC invocations=28766 (full 549):
 PSYoungGen      total 8192K, used 3712K [0x00000007eab00000, 0x00000007eb980000, 0x0000000800000000)
  eden space 4096K, 0% used [0x00000007eab00000,0x00000007eab00000,0x00000007eaf00000)
  from space 4096K, 90% used [0x00000007eb180000,0x00000007eb520010,0x00000007eb580000)
  to   space 4096K, 0% used [0x00000007eb580000,0x00000007eb580000,0x00000007eb980000)
 ParOldGen       total 338432K, used 328450K [0x00000007c0000000, 0x00000007d4a80000, 0x00000007eab00000)
  object space 338432K, 97% used [0x00000007c0000000,0x00000007d40c0ba8,0x00000007d4a80000)
 Metaspace       used 99071K, capacity 103002K, committed 103296K, reserved 1142784K
  class space    used 8619K, capacity 10111K, committed 10112K, reserved 1048576K
}
Event: 171427.976 GC heap before
{Heap before GC invocations=28767 (full 549):
 PSYoungGen      total 8192K, used 7808K [0x00000007eab00000, 0x00000007eb980000, 0x0000000800000000)
  eden space 4096K, 100% used [0x00000007eab00000,0x00000007eaf00000,0x00000007eaf00000)
  from space 4096K, 90% used [0x00000007eb180000,0x00000007eb520010,0x00000007eb580000)
  to   space 4096K, 0% used [0x00000007eb580000,0x00000007eb580000,0x00000007eb980000)
 ParOldGen       total 338432K, used 328450K [0x00000007c0000000, 0x00000007d4a80000, 0x00000007eab00000)
  object space 338432K, 97% used [0x00000007c0000000,0x00000007d40c0ba8,0x00000007d4a80000)
 Metaspace       used 99073K, capacity 103002K, committed 103296K, reserved 1142784K
  class space    used 8619K, capacity 10111K, committed 10112K, reserved 1048576K
}
Event: 171427.979 GC heap after
{Heap after GC invocations=28767 (full 549):
 PSYoungGen      total 8704K, used 4056K [0x00000007eab00000, 0x00000007eb980000, 0x0000000800000000)
  eden space 4608K, 0% used [0x00000007eab00000,0x00000007eab00000,0x00000007eaf80000)
  from space 4096K, 99% used [0x00000007eb580000,0x00000007eb976248,0x00000007eb980000)
  to   space 4608K, 0% used [0x00000007eb080000,0x00000007eb080000,0x00000007eb500000)
 ParOldGen       total 338432K, used 328450K [0x00000007c0000000, 0x00000007d4a80000, 0x00000007eab00000)
  object space 338432K, 97% used [0x00000007c0000000,0x00000007d40c0ba8,0x00000007d4a80000)
 Metaspace       used 99073K, capacity 103002K, committed 103296K, reserved 1142784K
  class space    used 8619K, capacity 10111K, committed 10112K, reserved 1048576K
}

